<?xml version="1.0" encoding="UTF-8"?>
<testsuite xmlns:xsi="http://www.w3.org/2001/XMLSchema-instance" xsi:noNamespaceSchemaLocation="https://maven.apache.org/surefire/maven-surefire-plugin/xsd/surefire-test-report-3.0.xsd" version="3.0" name="cover.go.shopping.CheckoutTest" time="55.627" tests="4" errors="0" skipped="0" failures="0">
  <properties>
    <property name="java.specification.version" value="18"/>
    <property name="sun.jnu.encoding" value="UTF-8"/>
    <property name="java.class.path" value="/Users/ngantruc/Documents/pushcode/hometask/target/test-classes:/Users/ngantruc/Documents/pushcode/hometask/target/classes:/Users/ngantruc/.m2/repository/org/seleniumhq/selenium/selenium-java/4.4.0/selenium-java-4.4.0.jar:/Users/ngantruc/.m2/repository/org/seleniumhq/selenium/selenium-api/4.4.0/selenium-api-4.4.0.jar:/Users/ngantruc/.m2/repository/org/seleniumhq/selenium/selenium-chrome-driver/4.4.0/selenium-chrome-driver-4.4.0.jar:/Users/ngantruc/.m2/repository/com/google/auto/service/auto-service-annotations/1.0.1/auto-service-annotations-1.0.1.jar:/Users/ngantruc/.m2/repository/com/google/auto/service/auto-service/1.0.1/auto-service-1.0.1.jar:/Users/ngantruc/.m2/repository/com/google/auto/auto-common/1.2/auto-common-1.2.jar:/Users/ngantruc/.m2/repository/com/google/guava/guava/31.1-jre/guava-31.1-jre.jar:/Users/ngantruc/.m2/repository/com/google/guava/failureaccess/1.0.1/failureaccess-1.0.1.jar:/Users/ngantruc/.m2/repository/com/google/guava/listenablefuture/9999.0-empty-to-avoid-conflict-with-guava/listenablefuture-9999.0-empty-to-avoid-conflict-with-guava.jar:/Users/ngantruc/.m2/repository/com/google/code/findbugs/jsr305/3.0.2/jsr305-3.0.2.jar:/Users/ngantruc/.m2/repository/org/checkerframework/checker-qual/3.12.0/checker-qual-3.12.0.jar:/Users/ngantruc/.m2/repository/com/google/errorprone/error_prone_annotations/2.11.0/error_prone_annotations-2.11.0.jar:/Users/ngantruc/.m2/repository/com/google/j2objc/j2objc-annotations/1.3/j2objc-annotations-1.3.jar:/Users/ngantruc/.m2/repository/org/seleniumhq/selenium/selenium-chromium-driver/4.4.0/selenium-chromium-driver-4.4.0.jar:/Users/ngantruc/.m2/repository/org/seleniumhq/selenium/selenium-json/4.4.0/selenium-json-4.4.0.jar:/Users/ngantruc/.m2/repository/org/seleniumhq/selenium/selenium-devtools-v102/4.4.0/selenium-devtools-v102-4.4.0.jar:/Users/ngantruc/.m2/repository/org/seleniumhq/selenium/selenium-devtools-v103/4.4.0/selenium-devtools-v103-4.4.0.jar:/Users/ngantruc/.m2/repository/org/seleniumhq/selenium/selenium-devtools-v104/4.4.0/selenium-devtools-v104-4.4.0.jar:/Users/ngantruc/.m2/repository/org/seleniumhq/selenium/selenium-devtools-v85/4.4.0/selenium-devtools-v85-4.4.0.jar:/Users/ngantruc/.m2/repository/org/seleniumhq/selenium/selenium-edge-driver/4.4.0/selenium-edge-driver-4.4.0.jar:/Users/ngantruc/.m2/repository/org/seleniumhq/selenium/selenium-firefox-driver/4.4.0/selenium-firefox-driver-4.4.0.jar:/Users/ngantruc/.m2/repository/org/seleniumhq/selenium/selenium-ie-driver/4.4.0/selenium-ie-driver-4.4.0.jar:/Users/ngantruc/.m2/repository/org/seleniumhq/selenium/selenium-opera-driver/4.4.0/selenium-opera-driver-4.4.0.jar:/Users/ngantruc/.m2/repository/org/seleniumhq/selenium/selenium-remote-driver/4.4.0/selenium-remote-driver-4.4.0.jar:/Users/ngantruc/.m2/repository/com/beust/jcommander/1.82/jcommander-1.82.jar:/Users/ngantruc/.m2/repository/io/netty/netty-buffer/4.1.78.Final/netty-buffer-4.1.78.Final.jar:/Users/ngantruc/.m2/repository/io/netty/netty-codec-http/4.1.78.Final/netty-codec-http-4.1.78.Final.jar:/Users/ngantruc/.m2/repository/io/netty/netty-codec/4.1.78.Final/netty-codec-4.1.78.Final.jar:/Users/ngantruc/.m2/repository/io/netty/netty-handler/4.1.78.Final/netty-handler-4.1.78.Final.jar:/Users/ngantruc/.m2/repository/io/netty/netty-common/4.1.78.Final/netty-common-4.1.78.Final.jar:/Users/ngantruc/.m2/repository/io/netty/netty-transport-classes-epoll/4.1.78.Final/netty-transport-classes-epoll-4.1.78.Final.jar:/Users/ngantruc/.m2/repository/io/netty/netty-transport-classes-kqueue/4.1.78.Final/netty-transport-classes-kqueue-4.1.78.Final.jar:/Users/ngantruc/.m2/repository/io/netty/netty-transport-native-epoll/4.1.78.Final/netty-transport-native-epoll-4.1.78.Final.jar:/Users/ngantruc/.m2/repository/io/netty/netty-transport-native-kqueue/4.1.78.Final/netty-transport-native-kqueue-4.1.78.Final.jar:/Users/ngantruc/.m2/repository/io/netty/netty-transport-native-unix-common/4.1.78.Final/netty-transport-native-unix-common-4.1.78.Final.jar:/Users/ngantruc/.m2/repository/io/netty/netty-transport/4.1.78.Final/netty-transport-4.1.78.Final.jar:/Users/ngantruc/.m2/repository/io/netty/netty-resolver/4.1.78.Final/netty-resolver-4.1.78.Final.jar:/Users/ngantruc/.m2/repository/io/opentelemetry/opentelemetry-api/1.16.0/opentelemetry-api-1.16.0.jar:/Users/ngantruc/.m2/repository/io/opentelemetry/opentelemetry-context/1.16.0/opentelemetry-context-1.16.0.jar:/Users/ngantruc/.m2/repository/io/opentelemetry/opentelemetry-exporter-logging/1.16.0/opentelemetry-exporter-logging-1.16.0.jar:/Users/ngantruc/.m2/repository/io/opentelemetry/opentelemetry-sdk-metrics/1.16.0/opentelemetry-sdk-metrics-1.16.0.jar:/Users/ngantruc/.m2/repository/io/opentelemetry/opentelemetry-sdk-logs/1.16.0-alpha/opentelemetry-sdk-logs-1.16.0-alpha.jar:/Users/ngantruc/.m2/repository/io/opentelemetry/opentelemetry-sdk-common/1.16.0/opentelemetry-sdk-common-1.16.0.jar:/Users/ngantruc/.m2/repository/io/opentelemetry/opentelemetry-sdk-extension-autoconfigure-spi/1.16.0/opentelemetry-sdk-extension-autoconfigure-spi-1.16.0.jar:/Users/ngantruc/.m2/repository/io/opentelemetry/opentelemetry-sdk-extension-autoconfigure/1.16.0-alpha/opentelemetry-sdk-extension-autoconfigure-1.16.0-alpha.jar:/Users/ngantruc/.m2/repository/io/opentelemetry/opentelemetry-sdk-trace/1.16.0/opentelemetry-sdk-trace-1.16.0.jar:/Users/ngantruc/.m2/repository/io/opentelemetry/opentelemetry-sdk/1.16.0/opentelemetry-sdk-1.16.0.jar:/Users/ngantruc/.m2/repository/io/opentelemetry/opentelemetry-semconv/1.16.0-alpha/opentelemetry-semconv-1.16.0-alpha.jar:/Users/ngantruc/.m2/repository/io/ous/jtoml/2.0.0/jtoml-2.0.0.jar:/Users/ngantruc/.m2/repository/net/bytebuddy/byte-buddy/1.12.10/byte-buddy-1.12.10.jar:/Users/ngantruc/.m2/repository/org/apache/commons/commons-exec/1.3/commons-exec-1.3.jar:/Users/ngantruc/.m2/repository/org/asynchttpclient/async-http-client/2.12.3/async-http-client-2.12.3.jar:/Users/ngantruc/.m2/repository/org/asynchttpclient/async-http-client-netty-utils/2.12.3/async-http-client-netty-utils-2.12.3.jar:/Users/ngantruc/.m2/repository/io/netty/netty-codec-socks/4.1.60.Final/netty-codec-socks-4.1.60.Final.jar:/Users/ngantruc/.m2/repository/io/netty/netty-handler-proxy/4.1.60.Final/netty-handler-proxy-4.1.60.Final.jar:/Users/ngantruc/.m2/repository/io/netty/netty-transport-native-epoll/4.1.60.Final/netty-transport-native-epoll-4.1.60.Final-linux-x86_64.jar:/Users/ngantruc/.m2/repository/io/netty/netty-transport-native-kqueue/4.1.60.Final/netty-transport-native-kqueue-4.1.60.Final-osx-x86_64.jar:/Users/ngantruc/.m2/repository/org/reactivestreams/reactive-streams/1.0.3/reactive-streams-1.0.3.jar:/Users/ngantruc/.m2/repository/com/typesafe/netty/netty-reactive-streams/2.0.4/netty-reactive-streams-2.0.4.jar:/Users/ngantruc/.m2/repository/com/sun/activation/jakarta.activation/1.2.2/jakarta.activation-1.2.2.jar:/Users/ngantruc/.m2/repository/org/seleniumhq/selenium/selenium-http/4.4.0/selenium-http-4.4.0.jar:/Users/ngantruc/.m2/repository/dev/failsafe/failsafe/3.2.4/failsafe-3.2.4.jar:/Users/ngantruc/.m2/repository/org/seleniumhq/selenium/selenium-safari-driver/4.4.0/selenium-safari-driver-4.4.0.jar:/Users/ngantruc/.m2/repository/org/seleniumhq/selenium/selenium-support/4.4.0/selenium-support-4.4.0.jar:/Users/ngantruc/.m2/repository/org/junit/jupiter/junit-jupiter-api/5.9.2/junit-jupiter-api-5.9.2.jar:/Users/ngantruc/.m2/repository/org/opentest4j/opentest4j/1.2.0/opentest4j-1.2.0.jar:/Users/ngantruc/.m2/repository/org/junit/platform/junit-platform-commons/1.9.2/junit-platform-commons-1.9.2.jar:/Users/ngantruc/.m2/repository/org/apiguardian/apiguardian-api/1.1.2/apiguardian-api-1.1.2.jar:/Users/ngantruc/.m2/repository/io/github/bonigarcia/webdrivermanager/5.8.0/webdrivermanager-5.8.0.jar:/Users/ngantruc/.m2/repository/org/slf4j/slf4j-api/2.0.12/slf4j-api-2.0.12.jar:/Users/ngantruc/.m2/repository/com/google/code/gson/gson/2.10.1/gson-2.10.1.jar:/Users/ngantruc/.m2/repository/com/github/docker-java/docker-java/3.3.6/docker-java-3.3.6.jar:/Users/ngantruc/.m2/repository/com/github/docker-java/docker-java-core/3.3.6/docker-java-core-3.3.6.jar:/Users/ngantruc/.m2/repository/com/github/docker-java/docker-java-api/3.3.6/docker-java-api-3.3.6.jar:/Users/ngantruc/.m2/repository/com/fasterxml/jackson/core/jackson-annotations/2.10.3/jackson-annotations-2.10.3.jar:/Users/ngantruc/.m2/repository/com/fasterxml/jackson/core/jackson-databind/2.10.3/jackson-databind-2.10.3.jar:/Users/ngantruc/.m2/repository/com/fasterxml/jackson/core/jackson-core/2.10.3/jackson-core-2.10.3.jar:/Users/ngantruc/.m2/repository/org/bouncycastle/bcpkix-jdk18on/1.76/bcpkix-jdk18on-1.76.jar:/Users/ngantruc/.m2/repository/org/bouncycastle/bcprov-jdk18on/1.76/bcprov-jdk18on-1.76.jar:/Users/ngantruc/.m2/repository/org/bouncycastle/bcutil-jdk18on/1.76/bcutil-jdk18on-1.76.jar:/Users/ngantruc/.m2/repository/org/slf4j/jcl-over-slf4j/1.7.30/jcl-over-slf4j-1.7.30.jar:/Users/ngantruc/.m2/repository/com/github/docker-java/docker-java-transport-httpclient5/3.3.6/docker-java-transport-httpclient5-3.3.6.jar:/Users/ngantruc/.m2/repository/com/github/docker-java/docker-java-transport/3.3.6/docker-java-transport-3.3.6.jar:/Users/ngantruc/.m2/repository/net/java/dev/jna/jna/5.13.0/jna-5.13.0.jar:/Users/ngantruc/.m2/repository/org/brotli/dec/0.1.2/dec-0.1.2.jar:/Users/ngantruc/.m2/repository/org/apache/commons/commons-lang3/3.14.0/commons-lang3-3.14.0.jar:/Users/ngantruc/.m2/repository/org/apache/commons/commons-compress/1.26.1/commons-compress-1.26.1.jar:/Users/ngantruc/.m2/repository/commons-codec/commons-codec/1.16.1/commons-codec-1.16.1.jar:/Users/ngantruc/.m2/repository/commons-io/commons-io/2.15.1/commons-io-2.15.1.jar:/Users/ngantruc/.m2/repository/org/apache/httpcomponents/client5/httpclient5/5.2.1/httpclient5-5.2.1.jar:/Users/ngantruc/.m2/repository/org/apache/httpcomponents/core5/httpcore5/5.2/httpcore5-5.2.jar:/Users/ngantruc/.m2/repository/org/apache/httpcomponents/core5/httpcore5-h2/5.2/httpcore5-h2-5.2.jar:"/>
    <property name="java.vm.vendor" value="Amazon.com Inc."/>
    <property name="sun.arch.data.model" value="64"/>
    <property name="java.vendor.url" value="https://aws.amazon.com/corretto/"/>
    <property name="user.timezone" value="Asia/Ho_Chi_Minh"/>
    <property name="os.name" value="Mac OS X"/>
    <property name="java.vm.specification.version" value="18"/>
    <property name="sun.java.launcher" value="SUN_STANDARD"/>
    <property name="user.country" value="VN"/>
    <property name="sun.boot.library.path" value="/Users/ngantruc/Library/Java/JavaVirtualMachines/corretto-18.0.2/Contents/Home/lib"/>
    <property name="sun.java.command" value="/Users/ngantruc/Documents/pushcode/hometask/target/surefire/surefirebooter-20250301173152701_3.jar /Users/ngantruc/Documents/pushcode/hometask/target/surefire 2025-03-01T17-31-52_337-jvmRun1 surefire-20250301173152701_1tmp surefire_0-20250301173152701_2tmp"/>
    <property name="http.nonProxyHosts" value="local|*.local|169.254/16|*.169.254/16"/>
    <property name="jdk.debug" value="release"/>
    <property name="surefire.test.class.path" value="/Users/ngantruc/Documents/pushcode/hometask/target/test-classes:/Users/ngantruc/Documents/pushcode/hometask/target/classes:/Users/ngantruc/.m2/repository/org/seleniumhq/selenium/selenium-java/4.4.0/selenium-java-4.4.0.jar:/Users/ngantruc/.m2/repository/org/seleniumhq/selenium/selenium-api/4.4.0/selenium-api-4.4.0.jar:/Users/ngantruc/.m2/repository/org/seleniumhq/selenium/selenium-chrome-driver/4.4.0/selenium-chrome-driver-4.4.0.jar:/Users/ngantruc/.m2/repository/com/google/auto/service/auto-service-annotations/1.0.1/auto-service-annotations-1.0.1.jar:/Users/ngantruc/.m2/repository/com/google/auto/service/auto-service/1.0.1/auto-service-1.0.1.jar:/Users/ngantruc/.m2/repository/com/google/auto/auto-common/1.2/auto-common-1.2.jar:/Users/ngantruc/.m2/repository/com/google/guava/guava/31.1-jre/guava-31.1-jre.jar:/Users/ngantruc/.m2/repository/com/google/guava/failureaccess/1.0.1/failureaccess-1.0.1.jar:/Users/ngantruc/.m2/repository/com/google/guava/listenablefuture/9999.0-empty-to-avoid-conflict-with-guava/listenablefuture-9999.0-empty-to-avoid-conflict-with-guava.jar:/Users/ngantruc/.m2/repository/com/google/code/findbugs/jsr305/3.0.2/jsr305-3.0.2.jar:/Users/ngantruc/.m2/repository/org/checkerframework/checker-qual/3.12.0/checker-qual-3.12.0.jar:/Users/ngantruc/.m2/repository/com/google/errorprone/error_prone_annotations/2.11.0/error_prone_annotations-2.11.0.jar:/Users/ngantruc/.m2/repository/com/google/j2objc/j2objc-annotations/1.3/j2objc-annotations-1.3.jar:/Users/ngantruc/.m2/repository/org/seleniumhq/selenium/selenium-chromium-driver/4.4.0/selenium-chromium-driver-4.4.0.jar:/Users/ngantruc/.m2/repository/org/seleniumhq/selenium/selenium-json/4.4.0/selenium-json-4.4.0.jar:/Users/ngantruc/.m2/repository/org/seleniumhq/selenium/selenium-devtools-v102/4.4.0/selenium-devtools-v102-4.4.0.jar:/Users/ngantruc/.m2/repository/org/seleniumhq/selenium/selenium-devtools-v103/4.4.0/selenium-devtools-v103-4.4.0.jar:/Users/ngantruc/.m2/repository/org/seleniumhq/selenium/selenium-devtools-v104/4.4.0/selenium-devtools-v104-4.4.0.jar:/Users/ngantruc/.m2/repository/org/seleniumhq/selenium/selenium-devtools-v85/4.4.0/selenium-devtools-v85-4.4.0.jar:/Users/ngantruc/.m2/repository/org/seleniumhq/selenium/selenium-edge-driver/4.4.0/selenium-edge-driver-4.4.0.jar:/Users/ngantruc/.m2/repository/org/seleniumhq/selenium/selenium-firefox-driver/4.4.0/selenium-firefox-driver-4.4.0.jar:/Users/ngantruc/.m2/repository/org/seleniumhq/selenium/selenium-ie-driver/4.4.0/selenium-ie-driver-4.4.0.jar:/Users/ngantruc/.m2/repository/org/seleniumhq/selenium/selenium-opera-driver/4.4.0/selenium-opera-driver-4.4.0.jar:/Users/ngantruc/.m2/repository/org/seleniumhq/selenium/selenium-remote-driver/4.4.0/selenium-remote-driver-4.4.0.jar:/Users/ngantruc/.m2/repository/com/beust/jcommander/1.82/jcommander-1.82.jar:/Users/ngantruc/.m2/repository/io/netty/netty-buffer/4.1.78.Final/netty-buffer-4.1.78.Final.jar:/Users/ngantruc/.m2/repository/io/netty/netty-codec-http/4.1.78.Final/netty-codec-http-4.1.78.Final.jar:/Users/ngantruc/.m2/repository/io/netty/netty-codec/4.1.78.Final/netty-codec-4.1.78.Final.jar:/Users/ngantruc/.m2/repository/io/netty/netty-handler/4.1.78.Final/netty-handler-4.1.78.Final.jar:/Users/ngantruc/.m2/repository/io/netty/netty-common/4.1.78.Final/netty-common-4.1.78.Final.jar:/Users/ngantruc/.m2/repository/io/netty/netty-transport-classes-epoll/4.1.78.Final/netty-transport-classes-epoll-4.1.78.Final.jar:/Users/ngantruc/.m2/repository/io/netty/netty-transport-classes-kqueue/4.1.78.Final/netty-transport-classes-kqueue-4.1.78.Final.jar:/Users/ngantruc/.m2/repository/io/netty/netty-transport-native-epoll/4.1.78.Final/netty-transport-native-epoll-4.1.78.Final.jar:/Users/ngantruc/.m2/repository/io/netty/netty-transport-native-kqueue/4.1.78.Final/netty-transport-native-kqueue-4.1.78.Final.jar:/Users/ngantruc/.m2/repository/io/netty/netty-transport-native-unix-common/4.1.78.Final/netty-transport-native-unix-common-4.1.78.Final.jar:/Users/ngantruc/.m2/repository/io/netty/netty-transport/4.1.78.Final/netty-transport-4.1.78.Final.jar:/Users/ngantruc/.m2/repository/io/netty/netty-resolver/4.1.78.Final/netty-resolver-4.1.78.Final.jar:/Users/ngantruc/.m2/repository/io/opentelemetry/opentelemetry-api/1.16.0/opentelemetry-api-1.16.0.jar:/Users/ngantruc/.m2/repository/io/opentelemetry/opentelemetry-context/1.16.0/opentelemetry-context-1.16.0.jar:/Users/ngantruc/.m2/repository/io/opentelemetry/opentelemetry-exporter-logging/1.16.0/opentelemetry-exporter-logging-1.16.0.jar:/Users/ngantruc/.m2/repository/io/opentelemetry/opentelemetry-sdk-metrics/1.16.0/opentelemetry-sdk-metrics-1.16.0.jar:/Users/ngantruc/.m2/repository/io/opentelemetry/opentelemetry-sdk-logs/1.16.0-alpha/opentelemetry-sdk-logs-1.16.0-alpha.jar:/Users/ngantruc/.m2/repository/io/opentelemetry/opentelemetry-sdk-common/1.16.0/opentelemetry-sdk-common-1.16.0.jar:/Users/ngantruc/.m2/repository/io/opentelemetry/opentelemetry-sdk-extension-autoconfigure-spi/1.16.0/opentelemetry-sdk-extension-autoconfigure-spi-1.16.0.jar:/Users/ngantruc/.m2/repository/io/opentelemetry/opentelemetry-sdk-extension-autoconfigure/1.16.0-alpha/opentelemetry-sdk-extension-autoconfigure-1.16.0-alpha.jar:/Users/ngantruc/.m2/repository/io/opentelemetry/opentelemetry-sdk-trace/1.16.0/opentelemetry-sdk-trace-1.16.0.jar:/Users/ngantruc/.m2/repository/io/opentelemetry/opentelemetry-sdk/1.16.0/opentelemetry-sdk-1.16.0.jar:/Users/ngantruc/.m2/repository/io/opentelemetry/opentelemetry-semconv/1.16.0-alpha/opentelemetry-semconv-1.16.0-alpha.jar:/Users/ngantruc/.m2/repository/io/ous/jtoml/2.0.0/jtoml-2.0.0.jar:/Users/ngantruc/.m2/repository/net/bytebuddy/byte-buddy/1.12.10/byte-buddy-1.12.10.jar:/Users/ngantruc/.m2/repository/org/apache/commons/commons-exec/1.3/commons-exec-1.3.jar:/Users/ngantruc/.m2/repository/org/asynchttpclient/async-http-client/2.12.3/async-http-client-2.12.3.jar:/Users/ngantruc/.m2/repository/org/asynchttpclient/async-http-client-netty-utils/2.12.3/async-http-client-netty-utils-2.12.3.jar:/Users/ngantruc/.m2/repository/io/netty/netty-codec-socks/4.1.60.Final/netty-codec-socks-4.1.60.Final.jar:/Users/ngantruc/.m2/repository/io/netty/netty-handler-proxy/4.1.60.Final/netty-handler-proxy-4.1.60.Final.jar:/Users/ngantruc/.m2/repository/io/netty/netty-transport-native-epoll/4.1.60.Final/netty-transport-native-epoll-4.1.60.Final-linux-x86_64.jar:/Users/ngantruc/.m2/repository/io/netty/netty-transport-native-kqueue/4.1.60.Final/netty-transport-native-kqueue-4.1.60.Final-osx-x86_64.jar:/Users/ngantruc/.m2/repository/org/reactivestreams/reactive-streams/1.0.3/reactive-streams-1.0.3.jar:/Users/ngantruc/.m2/repository/com/typesafe/netty/netty-reactive-streams/2.0.4/netty-reactive-streams-2.0.4.jar:/Users/ngantruc/.m2/repository/com/sun/activation/jakarta.activation/1.2.2/jakarta.activation-1.2.2.jar:/Users/ngantruc/.m2/repository/org/seleniumhq/selenium/selenium-http/4.4.0/selenium-http-4.4.0.jar:/Users/ngantruc/.m2/repository/dev/failsafe/failsafe/3.2.4/failsafe-3.2.4.jar:/Users/ngantruc/.m2/repository/org/seleniumhq/selenium/selenium-safari-driver/4.4.0/selenium-safari-driver-4.4.0.jar:/Users/ngantruc/.m2/repository/org/seleniumhq/selenium/selenium-support/4.4.0/selenium-support-4.4.0.jar:/Users/ngantruc/.m2/repository/org/junit/jupiter/junit-jupiter-api/5.9.2/junit-jupiter-api-5.9.2.jar:/Users/ngantruc/.m2/repository/org/opentest4j/opentest4j/1.2.0/opentest4j-1.2.0.jar:/Users/ngantruc/.m2/repository/org/junit/platform/junit-platform-commons/1.9.2/junit-platform-commons-1.9.2.jar:/Users/ngantruc/.m2/repository/org/apiguardian/apiguardian-api/1.1.2/apiguardian-api-1.1.2.jar:/Users/ngantruc/.m2/repository/io/github/bonigarcia/webdrivermanager/5.8.0/webdrivermanager-5.8.0.jar:/Users/ngantruc/.m2/repository/org/slf4j/slf4j-api/2.0.12/slf4j-api-2.0.12.jar:/Users/ngantruc/.m2/repository/com/google/code/gson/gson/2.10.1/gson-2.10.1.jar:/Users/ngantruc/.m2/repository/com/github/docker-java/docker-java/3.3.6/docker-java-3.3.6.jar:/Users/ngantruc/.m2/repository/com/github/docker-java/docker-java-core/3.3.6/docker-java-core-3.3.6.jar:/Users/ngantruc/.m2/repository/com/github/docker-java/docker-java-api/3.3.6/docker-java-api-3.3.6.jar:/Users/ngantruc/.m2/repository/com/fasterxml/jackson/core/jackson-annotations/2.10.3/jackson-annotations-2.10.3.jar:/Users/ngantruc/.m2/repository/com/fasterxml/jackson/core/jackson-databind/2.10.3/jackson-databind-2.10.3.jar:/Users/ngantruc/.m2/repository/com/fasterxml/jackson/core/jackson-core/2.10.3/jackson-core-2.10.3.jar:/Users/ngantruc/.m2/repository/org/bouncycastle/bcpkix-jdk18on/1.76/bcpkix-jdk18on-1.76.jar:/Users/ngantruc/.m2/repository/org/bouncycastle/bcprov-jdk18on/1.76/bcprov-jdk18on-1.76.jar:/Users/ngantruc/.m2/repository/org/bouncycastle/bcutil-jdk18on/1.76/bcutil-jdk18on-1.76.jar:/Users/ngantruc/.m2/repository/org/slf4j/jcl-over-slf4j/1.7.30/jcl-over-slf4j-1.7.30.jar:/Users/ngantruc/.m2/repository/com/github/docker-java/docker-java-transport-httpclient5/3.3.6/docker-java-transport-httpclient5-3.3.6.jar:/Users/ngantruc/.m2/repository/com/github/docker-java/docker-java-transport/3.3.6/docker-java-transport-3.3.6.jar:/Users/ngantruc/.m2/repository/net/java/dev/jna/jna/5.13.0/jna-5.13.0.jar:/Users/ngantruc/.m2/repository/org/brotli/dec/0.1.2/dec-0.1.2.jar:/Users/ngantruc/.m2/repository/org/apache/commons/commons-lang3/3.14.0/commons-lang3-3.14.0.jar:/Users/ngantruc/.m2/repository/org/apache/commons/commons-compress/1.26.1/commons-compress-1.26.1.jar:/Users/ngantruc/.m2/repository/commons-codec/commons-codec/1.16.1/commons-codec-1.16.1.jar:/Users/ngantruc/.m2/repository/commons-io/commons-io/2.15.1/commons-io-2.15.1.jar:/Users/ngantruc/.m2/repository/org/apache/httpcomponents/client5/httpclient5/5.2.1/httpclient5-5.2.1.jar:/Users/ngantruc/.m2/repository/org/apache/httpcomponents/core5/httpcore5/5.2/httpcore5-5.2.jar:/Users/ngantruc/.m2/repository/org/apache/httpcomponents/core5/httpcore5-h2/5.2/httpcore5-h2-5.2.jar:"/>
    <property name="sun.cpu.endian" value="little"/>
    <property name="user.home" value="/Users/ngantruc"/>
    <property name="user.language" value="en"/>
    <property name="java.specification.vendor" value="Oracle Corporation"/>
    <property name="java.version.date" value="2022-07-19"/>
    <property name="java.home" value="/Users/ngantruc/Library/Java/JavaVirtualMachines/corretto-18.0.2/Contents/Home"/>
    <property name="file.separator" value="/"/>
    <property name="basedir" value="/Users/ngantruc/Documents/pushcode/hometask"/>
    <property name="java.vm.compressedOopsMode" value="Zero based"/>
    <property name="line.separator" value="&#10;"/>
    <property name="java.vm.specification.vendor" value="Oracle Corporation"/>
    <property name="java.specification.name" value="Java Platform API Specification"/>
    <property name="apple.awt.application.name" value="ForkedBooter"/>
    <property name="surefire.real.class.path" value="/Users/ngantruc/Documents/pushcode/hometask/target/surefire/surefirebooter-20250301173152701_3.jar"/>
    <property name="sun.management.compiler" value="HotSpot 64-Bit Tiered Compilers"/>
    <property name="ftp.nonProxyHosts" value="local|*.local|169.254/16|*.169.254/16"/>
    <property name="java.runtime.version" value="18.0.2+9-FR"/>
    <property name="user.name" value="ngantruc"/>
    <property name="path.separator" value=":"/>
    <property name="os.version" value="12.7.6"/>
    <property name="java.runtime.name" value="OpenJDK Runtime Environment"/>
    <property name="file.encoding" value="UTF-8"/>
    <property name="java.vm.name" value="OpenJDK 64-Bit Server VM"/>
    <property name="java.vendor.version" value="Corretto-18.0.2.9.1"/>
    <property name="localRepository" value="/Users/ngantruc/.m2/repository"/>
    <property name="java.vendor.url.bug" value="https://github.com/corretto/corretto-18/issues/"/>
    <property name="java.io.tmpdir" value="/var/folders/f3/480wfzns0p56zrvffpl71nwm0000gn/T/"/>
    <property name="java.version" value="18.0.2"/>
    <property name="user.dir" value="/Users/ngantruc/Documents/pushcode/hometask"/>
    <property name="os.arch" value="x86_64"/>
    <property name="webdriver.gecko.driver" value="/Users/ngantruc/.cache/selenium/geckodriver/mac64/0.36.0/geckodriver"/>
    <property name="java.vm.specification.name" value="Java Virtual Machine Specification"/>
    <property name="native.encoding" value="UTF-8"/>
    <property name="java.library.path" value="/Users/ngantruc/Library/Java/Extensions:/Library/Java/Extensions:/Network/Library/Java/Extensions:/System/Library/Java/Extensions:/usr/lib/java:."/>
    <property name="java.vm.info" value="mixed mode, sharing"/>
    <property name="java.vendor" value="Amazon.com Inc."/>
    <property name="java.vm.version" value="18.0.2+9-FR"/>
    <property name="sun.io.unicode.encoding" value="UnicodeBig"/>
    <property name="socksNonProxyHosts" value="local|*.local|169.254/16|*.169.254/16"/>
    <property name="java.class.version" value="62.0"/>
  </properties>
  <testcase name="testProceedToCheckout" classname="cover.go.shopping.CheckoutTest" time="18.726">
    <system-out><![CDATA[User properties: /Users/ngantruc/Documents/pushcode/hometask/src/test/resources/test.properties
]]></system-out>
    <system-err><![CDATA[SLF4J(W): No SLF4J providers were found.
SLF4J(W): Defaulting to no-operation (NOP) logger implementation
SLF4J(W): See https://www.slf4j.org/codes.html#noProviders for further details.
1740825114912	geckodriver	INFO	Listening on 127.0.0.1:64091
1740825120268	mozrunner::runner	INFO	Running command: MOZ_CRASHREPORTER="1" MOZ_CRASHREPORTER_NO_REPORT="1" MOZ_CRASHREPORTER_SHUTDOWN="1" "/Applications/Firefox. ... alhost:55046/" "-foreground" "-no-remote" "-profile" "/var/folders/f3/480wfzns0p56zrvffpl71nwm0000gn/T/rust_mozprofilecBXRXa"
console.warn: services.settings: Ignoring preference override of remote settings server
console.warn: services.settings: Allow by setting MOZ_REMOTE_SETTINGS_DEVTOOLS=1 in the environment
1740825120939	Marionette	INFO	Marionette enabled
console.error: "Warning: unrecognized command line flag" "-remote-allow-hosts"
console.error: "Warning: unrecognized command line flag" "-remote-allow-origins"
2025-03-01 17:32:01.589 plugin-container[17811:538956] nil host used in call to allowsSpecificHTTPSCertificateForHost
2025-03-01 17:32:01.590 plugin-container[17811:538956] nil host used in call to allowsAnyHTTPSCertificateForHost:
2025-03-01 17:32:01.597 plugin-container[17811:538956] nil host used in call to allowsSpecificHTTPSCertificateForHost
2025-03-01 17:32:01.598 plugin-container[17811:538956] nil host used in call to allowsAnyHTTPSCertificateForHost:
2025-03-01 17:32:01.598 plugin-container[17811:538958] nil host used in call to allowsSpecificHTTPSCertificateForHost
2025-03-01 17:32:01.598 plugin-container[17811:538958] nil host used in call to allowsAnyHTTPSCertificateForHost:
1740825121616	Marionette	INFO	Listening on port 59939
WebDriver BiDi listening on ws://127.0.0.1:55046
1740825121994	RemoteAgent	WARN	TLS certificate errors will be ignored for this session
Mar 01, 2025 5:32:04 PM org.openqa.selenium.remote.ProtocolHandshake createSession
INFO: Detected upstream dialect: W3C
2025-03-01 10:32:04.830 plugin-container[17816:539188] nil host used in call to allowsSpecificHTTPSCertificateForHost
2025-03-01 10:32:04.830 plugin-container[17816:539188] nil host used in call to allowsAnyHTTPSCertificateForHost:
2025-03-01 10:32:04.842 plugin-container[17816:539188] nil host used in call to allowsSpecificHTTPSCertificateForHost
2025-03-01 10:32:04.842 plugin-container[17816:539188] nil host used in call to allowsAnyHTTPSCertificateForHost:
2025-03-01 10:32:04.842 plugin-container[17816:539185] nil host used in call to allowsSpecificHTTPSCertificateForHost
2025-03-01 10:32:04.843 plugin-container[17816:539185] nil host used in call to allowsAnyHTTPSCertificateForHost:
console.warn: LoginRecipes: "Falling back to a synchronous message for: https://www.saucedemo.com."
console.warn: LoginRecipes: "Falling back to a synchronous message for: https://www.saucedemo.com."
1740825130024	Marionette	INFO	Stopped listening on port 59939
]]></system-err>
  </testcase>
  <testcase name="testInputInfoThenCancelAtOverview" classname="cover.go.shopping.CheckoutTest" time="11.232">
    <system-err><![CDATA[1740825132489	geckodriver	INFO	Listening on 127.0.0.1:53879
1740825132521	mozrunner::runner	INFO	Running command: MOZ_CRASHREPORTER="1" MOZ_CRASHREPORTER_NO_REPORT="1" MOZ_CRASHREPORTER_SHUTDOWN="1" "/Applications/Firefox. ... alhost:59105/" "-foreground" "-no-remote" "-profile" "/var/folders/f3/480wfzns0p56zrvffpl71nwm0000gn/T/rust_mozprofile1pe37Q"
console.warn: services.settings: Ignoring preference override of remote settings server
console.warn: services.settings: Allow by setting MOZ_REMOTE_SETTINGS_DEVTOOLS=1 in the environment
1740825133191	Marionette	INFO	Marionette enabled
console.error: "Warning: unrecognized command line flag" "-remote-allow-hosts"
console.error: "Warning: unrecognized command line flag" "-remote-allow-origins"
2025-03-01 17:32:13.815 plugin-container[17827:539614] nil host used in call to allowsSpecificHTTPSCertificateForHost
2025-03-01 17:32:13.815 plugin-container[17827:539614] nil host used in call to allowsAnyHTTPSCertificateForHost:
2025-03-0117 4107:823521:1333.882233	M aprluigoinne-tctoen	tIaNiFnOe	rL[i1s7t82e7n:i5ng3 9o6n14]  pnoirlt  h6o0st0 6u0
sed in call to allowsSpecificHTTPSCertificateForHost
2025-03-01 17:32:13.823 plugin-container[17827:539614] nil host used in call to allowsAnyHTTPSCertificateForHost:
2025-03-01 17:32:13.824 plugin-container[17827:539616] nil host used in call to allowsSpecificHTTPSCertificateForHost
2025-03-01 17:32:13.824 plugin-container[17827:539616] nil host used in call to allowsAnyHTTPSCertificateForHost:
WebDriver BiDi listening on ws://127.0.0.1:59105
1740825134361	RemoteAgent	WARN	TLS certificate errors will be ignored for this session
Mar 01, 2025 5:32:16 PM org.openqa.selenium.remote.ProtocolHandshake createSession
INFO: Detected upstream dialect: W3C
2025-03-01 10:32:16.938 plugin-container[17832:539785] nil host used in call to allowsSpecificHTTPSCertificateForHost
2025-03-01 10:32:16.938 plugin-container[17832:539785] nil host used in call to allowsAnyHTTPSCertificateForHost:
2025-03-01 10:32:16.949 plugin-container[17832:539785] nil host used in call to allowsSpecificHTTPSCertificateForHost
2025-03-01 10:32:16.949 plugin-container[17832:539785] nil host used in call to allowsAnyHTTPSCertificateForHost:
2025-03-01 10:32:16.949 plugin-container[17832:539790] nil host used in call to allowsSpecificHTTPSCertificateForHost
2025-03-01 10:32:16.949 plugin-container[17832:539790] nil host used in call to allowsAnyHTTPSCertificateForHost:
console.warn: LoginRecipes: "Falling back to a synchronous message for: https://www.saucedemo.com."
console.warn: LoginRecipes: "Falling back to a synchronous message for: https://www.saucedemo.com."
1740825141151	Marionette	INFO	Stopped listening on port 60060
]]></system-err>
  </testcase>
  <testcase name="testCheckoutFinishProcess" classname="cover.go.shopping.CheckoutTest" time="10.851">
    <system-err><![CDATA[1740825143721	geckodriver	INFO	Listening on 127.0.0.1:60832
1740825143751	mozrunner::runner	INFO	Running command: MOZ_CRASHREPORTER="1" MOZ_CRASHREPORTER_NO_REPORT="1" MOZ_CRASHREPORTER_SHUTDOWN="1" "/Applications/Firefox. ... alhost:64989/" "-foreground" "-no-remote" "-profile" "/var/folders/f3/480wfzns0p56zrvffpl71nwm0000gn/T/rust_mozprofilesbAXFC"
console.warn: services.settings: Ignoring preference override of remote settings server
console.warn: services.settings: Allow by setting MOZ_REMOTE_SETTINGS_DEVTOOLS=1 in the environment
1740825144438	Marionette	INFO	Marionette enabled
console.error: "Warning: unrecognized command line flag" "-remote-allow-hosts"
console.error: "Warning: unrecognized command line flag" "-remote-allow-origins"
2025-03-01 17:32:25.094 plugin-container[17843:540166] nil host used in call to allowsSpecificHTTPSCertificateForHost
2025-03-01 17:32:25.095 plugin-container[17843:540166] nil host used in call to allowsAnyHTTPSCertificateForHost:
2025-03-01 17:32:25.102 plugin-container[17843:540166] nil host used in call to allowsSpecificHTTPSCertificateForHost
2025-03-01 17:32:25.103 plugin-container[17843:540166] nil host used in call to allowsAnyHTTPSCertificateForHost:
2025-03-01 17:32:25.103 plugin-container[17843:540173] nil host used in call to allowsSpecificHTTPSCertificateForHost
2025-03-01 17:32:25.103 plugin-container[17843:540173] nil host used in call to allowsAnyHTTPSCertificateForHost:
1740825145110	Marionette	INFO	Listening on port 60178
WebDriver BiDi listening on ws://127.0.0.1:64989
1740825145478	RemoteAgent	WARN	TLS certificate errors will be ignored for this session
Mar 01, 2025 5:32:27 PM org.openqa.selenium.remote.ProtocolHandshake createSession
INFO: Detected upstream dialect: W3C
2025-03-01 10:32:28.232 plugin-container[17848:540326] nil host used in call to allowsSpecificHTTPSCertificateForHost
2025-03-01 10:32:28.233 plugin-container[17848:540326] nil host used in call to allowsAnyHTTPSCertificateForHost:
2025-03-01 10:32:28.243 plugin-container[17848:540326] nil host used in call to allowsSpecificHTTPSCertificateForHost
2025-03-01 10:32:28.243 plugin-container[17848:540326] nil host used in call to allowsAnyHTTPSCertificateForHost:
2025-03-01 10:32:28.244 plugin-container[17848:540366] nil host used in call to allowsSpecificHTTPSCertificateForHost
2025-03-01 10:32:28.244 plugin-container[17848:540366] nil host used in call to allowsAnyHTTPSCertificateForHost:
console.warn: LoginRecipes: "Falling back to a synchronous message for: https://www.saucedemo.com."
console.warn: LoginRecipes: "Falling back to a synchronous message for: https://www.saucedemo.com."
1740825152006	Marionette	INFO	Stopped listening on port 60178
]]></system-err>
  </testcase>
  <testcase name="testCancelRightAfterCheckout" classname="cover.go.shopping.CheckoutTest" time="14.769">
    <system-err><![CDATA[1740825154569	geckodriver	INFO	Listening on 127.0.0.1:57559
1740825154594	mozrunner::runner	INFO	Running command: MOZ_CRASHREPORTER="1" MOZ_CRASHREPORTER_NO_REPORT="1" MOZ_CRASHREPORTER_SHUTDOWN="1" "/Applications/Firefox. ... alhost:57766/" "-foreground" "-no-remote" "-profile" "/var/folders/f3/480wfzns0p56zrvffpl71nwm0000gn/T/rust_mozprofile3mM3Fm"
console.warn: services.settings: Ignoring preference override of remote settings server
console.warn: services.settings: Allow by setting MOZ_REMOTE_SETTINGS_DEVTOOLS=1 in the environment
1740825155267	Marionette	INFO	Marionette enabled
console.error: "Warning: unrecognized command line flag" "-remote-allow-hosts"
console.error: "Warning: unrecognized command line flag" "-remote-allow-origins"
2025-03-01 17:32:35.878 plugin-container[17859:540691] nil host used in call to allowsSpecificHTTPSCertificateForHost
2025-03-01 17:32:35.879 plugin-container[17859:540691] nil host used in call to allowsAnyHTTPSCertificateForHost:
2025-03-01 17:32:35.886 plugin-container[17859:540691] nil host used in call to allowsSpecificHTTPSCertificateForHost
2025-03-01 17:32:35.886 plugin-container[17859:540691] nil host used in call to allowsAnyHTTPSCertificateForHost:
2025-03-01 17:32:35.887 plugin-container[17859:540697] nil host used in call to allowsSpecificHTTPSCertificateForHost
2025-03-01 17:32:35.887 plugin-container[17859:540697] nil host used in call to allowsAnyHTTPSCertificateForHost:
1740825155891	Marionette	INFO	Listening on port 60293
WebDriver BiDi listening on ws://127.0.0.1:57766
1740825156224	RemoteAgent	WARN	TLS certificate errors will be ignored for this session
Mar 01, 2025 5:32:38 PM org.openqa.selenium.remote.ProtocolHandshake createSession
INFO: Detected upstream dialect: W3C
2025-03-01 10:32:38.971 plugin-container[17864:540838] nil host used in call to allowsSpecificHTTPSCertificateForHost
2025-03-01 10:32:38.971 plugin-container[17864:540838] nil host used in call to allowsAnyHTTPSCertificateForHost:
2025-03-01 10:32:38.979 plugin-container[17864:540838] nil host used in call to allowsSpecificHTTPSCertificateForHost
2025-03-01 10:32:38.979 plugin-container[17864:540838] nil host used in call to allowsAnyHTTPSCertificateForHost:
2025-03-01 10:32:38.980 plugin-container[17864:540853] nil host used in call to allowsSpecificHTTPSCertificateForHost
2025-03-01 10:32:38.980 plugin-container[17864:540853] nil host used in call to allowsAnyHTTPSCertificateForHost:
console.warn: LoginRecipes: "Falling back to a synchronous message for: https://www.saucedemo.com."
console.warn: LoginRecipes: "Falling back to a synchronous message for: https://www.saucedemo.com."
1740825166892	Marionette	INFO	Stopped listening on port 60293
]]></system-err>
  </testcase>
</testsuite>